


ARM Macro Assembler    Page 1 


    1 00000000                 AREA             prelab2, CODE, READWRITE
    2 00000000         
    3 00000000         SysTick_Handler
                               PROC
    4 00000000                 EXPORT           SysTick_Handler
    5 00000000                 IMPORT           msTicks     ; import global var
                                                            iable
    6 00000000 4835            LDR              R0, =msTicks ; load global vari
                                                            able's address
    7 00000002 6801            LDR              R1, [R0]    ; load content in a
                                                            ddress onto R1
    8 00000004 F101 0101       ADD              R1, R1, #1  ; increase R1 by 1
    9 00000008 6001            STR              R1, [R0]    ; store R1 into the
                                                             address of the glo
                                                            bal var
   10 0000000A 4770            BX               LR
   11 0000000C                 ENDP
   12 0000000C         
   13 0000000C         
   14 0000000C         square_elements
                               PROC
   15 0000000C                 EXPORT           square_elements
   16 0000000C         ;R0 = pointer to beginning of array
   17 0000000C         ;R1 = size of array
   18 0000000C F04F 0200       MOV              R2, #0      ; initialize counte
                                                            r
   19 00000010         
   20 00000010         square_elem_loop
   21 00000010 428A            CMP              R2, R1      ; if counter == siz
                                                            e array, branch LR
   22 00000012 BF08 4770       BXEQ             LR
   23 00000016 FB02 F302       MUL              R3, R2, R2  ; calculate square 
                                                            and store in R3
   24 0000001A F840 3B04       STR              R3, [R0], #4 ; store value in R
                                                            3 into pointer and 
                                                            increase pointer ad
                                                            dress by one
   25 0000001E F102 0201       ADD              R2, R2, #1  ; increase counter
   26 00000022 E7F5            B                square_elem_loop ; branch to to
                                                            p of the loop
   27 00000024                 ENDP
   28 00000024         
   29 00000024         
   30 00000024         fibonacci
                               PROC
   31 00000024                 EXPORT           fibonacci
   32 00000024         ; R0 = pointer to beginning of array
   33 00000024         ; R1 = size of array
   34 00000024 B470            PUSH             {R4-R6}
   35 00000026 F04F 0200       MOV              R2, #0      ; initalize counter
                                                            
   36 0000002A         
   37 0000002A 428A            CMP              R2, R1      ; if the size of th
                                                            e array is 0, retur
                                                            n to caller
   38 0000002C BF08 4770       BXEQ             LR          ;
   39 00000030 F04F 0401       MOV              R4, #1      ; load first value 
                                                            into R4
   40 00000034 F840 4B04       STR              R4, [R0], #4 ; store first valu



ARM Macro Assembler    Page 2 


                                                            e into first place 
                                                            in array and increa
                                                            se pointer by 4
   41 00000038 F102 0201       ADD              R2, R2, #1  ;; R2=1
   42 0000003C 428A            CMP              R2, R1      ; if size of array 
                                                            is 1 jump to the lo
                                                            op in which the pro
                                                            gram will exit
   43 0000003E D005            BEQ              one_item
   44 00000040         
   45 00000040 F04F 0501       MOV              R5, #1      ; load second value
                                                             into R5
   46 00000044 F840 5B04       STR              R5, [R0], #4 ; store second val
                                                            ue into second plac
                                                            e in array and incr
                                                            ease pointer by 4
   47 00000048 F102 0201       ADD              R2, R2, #1  ;; R2=2
   48 0000004C         
   49 0000004C         one_item
   50 0000004C         
   51 0000004C         fibonacci_loop                       ; start of the loop
                                                            
   52 0000004C 428A            CMP              R2, R1      ; compare if counte
                                                            r == size of array
   53 0000004E D00A            BEQ              exitloop    ; if so, return to 
                                                            caller
   54 00000050 EB05 0604       ADD              R6, R5, R4  ; calculate newest 
                                                            number and store in
                                                             R6
   55 00000054 F105 0400       ADD              R4, R5, #0  ; move content in R
                                                            5 to R4
   56 00000058 F106 0500       ADD              R5, R6, #0  ; move content in R
                                                            6 to R5
   57 0000005C F840 5B04       STR              R5, [R0], #4 ; Store value in R
                                                            5 (new value) into 
                                                            current empty place
                                                             in array
   58 00000060 F102 0201       ADD              R2, R2, #1  ; increase counter
   59 00000064 E7F2            B                fibonacci_loop ; go back to top
                                                             of loop
   60 00000066                 ENDP
   61 00000066         
   62 00000066         exitloop
   63 00000066 BC70            POP              {R4-R6}
   64 00000068 4770            BX               LR
   65 0000006A         
   66 0000006A         dot_product
                               PROC
   67 0000006A                 EXPORT           dot_product
   68 0000006A         ;R0 points to array a
   69 0000006A         ;R1 points to array b
   70 0000006A         ;R2 has size of arrays
   71 0000006A B470            PUSH             {R4-R6}
   72 0000006C F04F 0300       MOV              R3, #0      ; initialize counte
                                                            r
   73 00000070 F04F 0600       MOV              R6, #0      ; initialize result
                                                            
   74 00000074         
   75 00000074         dot_loop



ARM Macro Assembler    Page 3 


   76 00000074 4293            CMP              R3, R2
   77 00000076 D008            BEQ              exit_dot
   78 00000078 F850 4B04       LDR              R4, [R0], #4
   79 0000007C F851 5B04       LDR              R5, [R1], #4
   80 00000080 FB04 6605       MLA              R6, R4, R5, R6 ; Multiply R4 by
                                                             R5 and add it to t
                                                            he current value of
                                                             R6 and store it in
                                                             R6
   81 00000084 F103 0301       ADD              R3, R3, #1
   82 00000088 E7F4            B                dot_loop
   83 0000008A                 ENDP
   84 0000008A         exit_dot
   85 0000008A 4630            MOV              R0, R6
   86 0000008C BC70            POP              {R4-R6}
   87 0000008E 4770            BX               LR
   88 00000090         
   89 00000090         
   90 00000090 4811            LDR              R0, =msTicks ; load global vari
                                                            able's address
   91 00000092 6801            LDR              R1, [R0]    ; load content in a
                                                            ddress onto R1
   92 00000094 F101 0101       ADD              R1, R1, #1  ; increase R1 by 1
   93 00000098 6001            STR              R1, [R0]    ; store R1 into the
                                                             address of the glo
                                                            bal var
   94 0000009A         
   95 0000009A         
   96 0000009A         
   97 0000009A         
   98 0000009A         
   99 0000009A         ; R0 = msPeriod
  100 0000009A         ; R4 = msTicks address
  101 0000009A         ; R5 = msTicks value
  102 0000009A         ; R6 = msTimeCheck, used to run stuff just once every mi
                       lisecond
  103 0000009A         ; R7 = time counter
  104 0000009A         blink   PROC
  105 0000009A                 EXPORT           blink
  106 0000009A                 IMPORT           msTicks
  107 0000009A                 IMPORT           LED_Out
  108 0000009A         ;R0 is msPeriod
  109 0000009A 4C0F            LDR              R4, =msTicks
  110 0000009C 6825            LDR              R5, [R4]
  111 0000009E 4626            MOV              R6, R4      ; initalize msTimeC
                                                            heck to initial msT
                                                            icks
  112 000000A0 F04F 0700       MOV              R7, #0      ;counter
  113 000000A4 F04F 0905       MOV              R9, #0x5    ; initial value of 
                                                            leds 0101
  114 000000A8         
  115 000000A8         blink_loop
  116 000000A8 6825            LDR              R5, [R4]    ; load new msTicks
  117 000000AA 42B5            CMP              R5, R6      ; compare new msTic
                                                            ks to msTimeCheck, 
                                                            if true, check if c
                                                            ounter == msPeriod
  118 000000AC D004            BEQ              check_if_need_toggle
  119 000000AE 42B0            CMP              R0, R6      ;new milisecond if 



ARM Macro Assembler    Page 4 


                                                            true
  120 000000B0 D002            BEQ              check_if_need_toggle
  121 000000B2 F105 0501       ADD              R5, R5, #1
  122 000000B6 E7F7            B                blink_loop
  123 000000B8                 ENDP
  124 000000B8         
  125 000000B8         check_if_need_toggle
  126 000000B8 4287            CMP              R7, R0
  127 000000BA D001            BEQ              time_to_toggle
  128 000000BC F107 0701       ADD              R7, R7, #1
  129 000000C0         
  130 000000C0         time_to_toggle
  131 000000C0 4680            MOV              R8, R0      ; store msPeriod
  132 000000C2 B500            PUSH             {LR}
  133 000000C4         ; calculate new value
  134 000000C4 F089 090F       EOR              R9, R9, #0xF
  135 000000C8 4648            MOV              R0, R9      ; new led Value
  136 000000CA F8DF C010       LDR              R12,=LED_Out
  137 000000CE 47E0            BLX              R12
  138 000000D0 F85D EB04       POP              {LR}
  139 000000D4 4640            MOV              R0, R8
  140 000000D6         
  141 000000D6                 END
              00 00 00000000 
              00000000 
Command Line: --debug --xref --cpu=Cortex-M4.fp --apcs=interwork --depend=.\ram
\lab_methods.d -o.\ram\lab_methods.o -IC:\Users\pabloalonso\Documents\EE4144\te
mo\RTE -IC:\Users\pabloalonso\Documents\EE4144\temo\RTE\Device\STM32F407VG -IC:
\Keil_v5\ARM\PACK\ARM\CMSIS\4.2.0\CMSIS\Include -IC:\Keil_v5\ARM\PACK\Keil\STM3
2F4xx_DFP\1.0.8\Boards\ST\STM32F4-Discovery\Common -IC:\Keil_v5\ARM\PACK\Keil\S
TM32F4xx_DFP\1.0.8\Device\Include -IC:\Keil_v5\ARM\PACK\Keil\STM32F4xx_DFP\1.0.
8\RTE_Driver --predefine="__EVAL SETA 1" --predefine="__MICROLIB SETA 1" --pred
efine="_RTE_ SETA 1" --predefine="STM32F40_41xxx SETA 1" --list=.\ram\lab_metho
ds.lst lab_methods.s



ARM Macro Assembler    Page 1 Alphabetic symbol ordering
Relocatable symbols

SysTick_Handler 00000000

Symbol: SysTick_Handler
   Definitions
      At line 3 in file lab_methods.s
   Uses
      At line 4 in file lab_methods.s
Comment: SysTick_Handler used once
blink 0000009A

Symbol: blink
   Definitions
      At line 104 in file lab_methods.s
   Uses
      At line 105 in file lab_methods.s
Comment: blink used once
blink_loop 000000A8

Symbol: blink_loop
   Definitions
      At line 115 in file lab_methods.s
   Uses
      At line 122 in file lab_methods.s
Comment: blink_loop used once
check_if_need_toggle 000000B8

Symbol: check_if_need_toggle
   Definitions
      At line 125 in file lab_methods.s
   Uses
      At line 118 in file lab_methods.s
      At line 120 in file lab_methods.s

dot_loop 00000074

Symbol: dot_loop
   Definitions
      At line 75 in file lab_methods.s
   Uses
      At line 82 in file lab_methods.s
Comment: dot_loop used once
dot_product 0000006A

Symbol: dot_product
   Definitions
      At line 66 in file lab_methods.s
   Uses
      At line 67 in file lab_methods.s
Comment: dot_product used once
exit_dot 0000008A

Symbol: exit_dot
   Definitions
      At line 84 in file lab_methods.s
   Uses
      At line 77 in file lab_methods.s
Comment: exit_dot used once
exitloop 00000066




ARM Macro Assembler    Page 2 Alphabetic symbol ordering
Relocatable symbols

Symbol: exitloop
   Definitions
      At line 62 in file lab_methods.s
   Uses
      At line 53 in file lab_methods.s
Comment: exitloop used once
fibonacci 00000024

Symbol: fibonacci
   Definitions
      At line 30 in file lab_methods.s
   Uses
      At line 31 in file lab_methods.s
Comment: fibonacci used once
fibonacci_loop 0000004C

Symbol: fibonacci_loop
   Definitions
      At line 51 in file lab_methods.s
   Uses
      At line 59 in file lab_methods.s
Comment: fibonacci_loop used once
one_item 0000004C

Symbol: one_item
   Definitions
      At line 49 in file lab_methods.s
   Uses
      At line 43 in file lab_methods.s
Comment: one_item used once
prelab2 00000000

Symbol: prelab2
   Definitions
      At line 1 in file lab_methods.s
   Uses
      None
Comment: prelab2 unused
square_elem_loop 00000010

Symbol: square_elem_loop
   Definitions
      At line 20 in file lab_methods.s
   Uses
      At line 26 in file lab_methods.s
Comment: square_elem_loop used once
square_elements 0000000C

Symbol: square_elements
   Definitions
      At line 14 in file lab_methods.s
   Uses
      At line 15 in file lab_methods.s
Comment: square_elements used once
time_to_toggle 000000C0

Symbol: time_to_toggle
   Definitions
      At line 130 in file lab_methods.s



ARM Macro Assembler    Page 3 Alphabetic symbol ordering
Relocatable symbols

   Uses
      At line 127 in file lab_methods.s
Comment: time_to_toggle used once
15 symbols



ARM Macro Assembler    Page 1 Alphabetic symbol ordering
External symbols

LED_Out 00000000

Symbol: LED_Out
   Definitions
      At line 107 in file lab_methods.s
   Uses
      At line 136 in file lab_methods.s
Comment: LED_Out used once
msTicks 00000000

Symbol: msTicks
   Definitions
      At line 5 in file lab_methods.s
      At line 106 in file lab_methods.s
   Uses
      At line 6 in file lab_methods.s
      At line 90 in file lab_methods.s
      At line 109 in file lab_methods.s
Warning: msTicks multiply defined
2 symbols
354 symbols in table
